<?xml version="1.0" encoding="UTF-8"?>
<testsuites name="AllLoginLogoutTestCase" time="120.547" tests="3" failures="0" errors="0">
   <testsuite name="LoginTestCase" tests="2" failures="0" errors="0" time="31.211" skipped="0" timestamp="26-05-2024T04:16:31" hostname="Kevin Low - Kondisi_Low" id="Test Suites/LoginTestCase">
      <properties>
         <property name="deviceName" value=""/>
         <property name="devicePlatform" value=""/>
         <property name="logFolder" value="C:\\Users\\Kevin Low\\Katalon Studio\\ProjectSharingSessionQAAutomation\\Reports\\20240526_041615\\LoginTestCase\\20240526_041616"/>
         <property name="logFiles" value="C:\\Users\\Kevin Low\\Katalon Studio\\ProjectSharingSessionQAAutomation\\Reports\\20240526_041615\\LoginTestCase\\20240526_041616\\execution0.log"/>
         <property name="attachments" value=""/>
         <property name="hostName" value="Kevin Low - Kondisi_Low"/>
         <property name="os" value="Windows 11 64bit"/>
         <property name="katalonVersion" value="9.4.0.212"/>
         <property name="browser" value="Chrome 125.0.0.0"/>
         <property name="hostAddress" value="192.168.50.167"/>
         <property name="sessionId" value="24c8fce70d1345f4f9067c6feb7fe2e2"/>
         <property name="seleniumVersion" value="3.141.59"/>
         <property name="proxyInformation" value="ProxyInformation { proxyOption=NO_PROXY, proxyServerType=HTTP, username=, password=********, proxyServerAddress=, proxyServerPort=0, executionList=&quot;&quot;, isApplyToDesiredCapabilities=true }"/>
         <property name="platform" value="Windows 11"/>
      </properties>
      <testcase name="Test Cases/RecordLoginLogout/LoginTestNormal" time="16.653" classname="Test Cases/RecordLoginLogout/LoginTestNormal" status="PASSED">
         <system-out><![CDATA[26-05-2024T04:16:31 - [TEST_CASE][PASSED] - Test Cases/RecordLoginLogout/LoginTestNormal: Test Cases/RecordLoginLogout/LoginTestNormal

26-05-2024T04:16:32 - [TEST_STEP][PASSED] - openBrowser(""): Browser is opened with url: ''

26-05-2024T04:16:32 - [MESSAGE][INFO] - Starting 'Chrome' driver

26-05-2024T04:16:32 - [MESSAGE][INFO] - Action delay is set to 0 milliseconds

26-05-2024T04:16:34 - [MESSAGE][PASSED] - Browser is opened with url: ''

26-05-2024T04:16:34 - [TEST_STEP][PASSED] - navigateToUrl("https://metrodataacademy.id/"): Navigate to 'https://metrodataacademy.id/' successfully

26-05-2024T04:16:34 - [MESSAGE][PASSED] - Navigate to 'https://metrodataacademy.id/' successfully

26-05-2024T04:16:34 - [TEST_STEP][PASSED] - click(findTestObject("Page_Login Logout Metrodata Academy/a_Masuk")): Object: 'Object Repository/Page_Login Logout Metrodata Academy/a_Masuk' is clicked on

26-05-2024T04:16:41 - [MESSAGE][PASSED] - Object: 'Object Repository/Page_Login Logout Metrodata Academy/a_Masuk' is clicked on

26-05-2024T04:16:41 - [TEST_STEP][PASSED] - navigateToUrl("https://metrodataacademy.id/sign-in"): Navigate to 'https://metrodataacademy.id/sign-in' successfully

26-05-2024T04:16:42 - [MESSAGE][PASSED] - Navigate to 'https://metrodataacademy.id/sign-in' successfully

26-05-2024T04:16:42 - [TEST_STEP][PASSED] - setText(findTestObject("Object Repository/Page_Login Logout Metrodata Academy/input__email"), "christiansimanjuntak12@gmail.com"): Text 'christiansimanjuntak12@gmail.com' is set on object 'Object Repository/Page_Login Logout Metrodata Academy/input__email'

26-05-2024T04:16:43 - [MESSAGE][PASSED] - Text 'christiansimanjuntak12@gmail.com' is set on object 'Object Repository/Page_Login Logout Metrodata Academy/input__email'

26-05-2024T04:16:43 - [TEST_STEP][PASSED] - setEncryptedText(findTestObject("Object Repository/Page_Login Logout Metrodata Academy/input__password"), "AJxgTO7PuudFJYJNyubGtA=="): Text ****** has been set on object 'Object Repository/Page_Login Logout Metrodata Academy/input__password'

26-05-2024T04:16:43 - [MESSAGE][PASSED] - Text ****** has been set on object 'Object Repository/Page_Login Logout Metrodata Academy/input__password'

26-05-2024T04:16:43 - [TEST_STEP][PASSED] - click(findTestObject("Object Repository/Page_Login Logout Metrodata Academy/button_Masuk")): Object: 'Object Repository/Page_Login Logout Metrodata Academy/button_Masuk' is clicked on

26-05-2024T04:16:44 - [MESSAGE][PASSED] - Object: 'Object Repository/Page_Login Logout Metrodata Academy/button_Masuk' is clicked on

26-05-2024T04:16:44 - [TEST_STEP][PASSED] - delay(4): Delayed 4 second(s)

26-05-2024T04:16:48 - [MESSAGE][PASSED] - Delayed 4 second(s)

26-05-2024T04:16:48 - [TEST_STEP][PASSED] - closeBrowser(): Browser is closed

26-05-2024T04:16:48 - [MESSAGE][PASSED] - Browser is closed]]></system-out>
         <system-err><![CDATA[]]></system-err>
      </testcase>
      <testcase name="Test Cases/RecordLoginLogout/LoginTestAbnormal" time="14.279" classname="Test Cases/RecordLoginLogout/LoginTestAbnormal" status="PASSED">
         <system-out><![CDATA[26-05-2024T04:16:48 - [TEST_CASE][PASSED] - Test Cases/RecordLoginLogout/LoginTestAbnormal: Test Cases/RecordLoginLogout/LoginTestAbnormal

26-05-2024T04:16:48 - [TEST_STEP][PASSED] - openBrowser(""): Browser is opened with url: ''

26-05-2024T04:16:48 - [MESSAGE][INFO] - Starting 'Chrome' driver

26-05-2024T04:16:48 - [MESSAGE][INFO] - Action delay is set to 0 milliseconds

26-05-2024T04:16:49 - [MESSAGE][PASSED] - Browser is opened with url: ''

26-05-2024T04:16:49 - [TEST_STEP][PASSED] - navigateToUrl("https://metrodataacademy.id/"): Navigate to 'https://metrodataacademy.id/' successfully

26-05-2024T04:16:53 - [MESSAGE][PASSED] - Navigate to 'https://metrodataacademy.id/' successfully

26-05-2024T04:16:53 - [TEST_STEP][PASSED] - click(findTestObject("Page_Login Logout Metrodata Academy/a_Masuk")): Object: 'Object Repository/Page_Login Logout Metrodata Academy/a_Masuk' is clicked on

26-05-2024T04:16:57 - [MESSAGE][PASSED] - Object: 'Object Repository/Page_Login Logout Metrodata Academy/a_Masuk' is clicked on

26-05-2024T04:16:57 - [TEST_STEP][PASSED] - navigateToUrl("https://metrodataacademy.id/sign-in"): Navigate to 'https://metrodataacademy.id/sign-in' successfully

26-05-2024T04:16:57 - [MESSAGE][PASSED] - Navigate to 'https://metrodataacademy.id/sign-in' successfully

26-05-2024T04:16:57 - [TEST_STEP][PASSED] - setText(findTestObject("Object Repository/Page_Login Logout Metrodata Academy/input__email"), "christiansimanjuntak12@gmail.com"): Text 'christiansimanjuntak12@gmail.com' is set on object 'Object Repository/Page_Login Logout Metrodata Academy/input__email'

26-05-2024T04:16:58 - [MESSAGE][PASSED] - Text 'christiansimanjuntak12@gmail.com' is set on object 'Object Repository/Page_Login Logout Metrodata Academy/input__email'

26-05-2024T04:16:58 - [TEST_STEP][PASSED] - setEncryptedText(findTestObject("Object Repository/Page_Login Logout Metrodata Academy/input__password"), "26yoZb0Fg8S/8NrKc5x65w=="): Text ****** has been set on object 'Object Repository/Page_Login Logout Metrodata Academy/input__password'

26-05-2024T04:16:58 - [MESSAGE][PASSED] - Text ****** has been set on object 'Object Repository/Page_Login Logout Metrodata Academy/input__password'

26-05-2024T04:16:58 - [TEST_STEP][PASSED] - click(findTestObject("Object Repository/Page_Login Logout Metrodata Academy/button_Masuk")): Object: 'Object Repository/Page_Login Logout Metrodata Academy/button_Masuk' is clicked on

26-05-2024T04:16:59 - [MESSAGE][PASSED] - Object: 'Object Repository/Page_Login Logout Metrodata Academy/button_Masuk' is clicked on

26-05-2024T04:16:59 - [TEST_STEP][PASSED] - delay(3): Delayed 3 second(s)

26-05-2024T04:17:02 - [MESSAGE][PASSED] - Delayed 3 second(s)

26-05-2024T04:17:02 - [TEST_STEP][PASSED] - click(findTestObject("Object Repository/Page_Login Logout Metrodata Academy/button_Try Again")): Object: 'Object Repository/Page_Login Logout Metrodata Academy/button_Try Again' is clicked on

26-05-2024T04:17:02 - [MESSAGE][PASSED] - Object: 'Object Repository/Page_Login Logout Metrodata Academy/button_Try Again' is clicked on

26-05-2024T04:17:02 - [TEST_STEP][PASSED] - closeBrowser(): Browser is closed

26-05-2024T04:17:02 - [MESSAGE][PASSED] - Browser is closed]]></system-out>
         <system-err><![CDATA[]]></system-err>
      </testcase>
      <system-out><![CDATA[26-05-2024T04:16:31 - [TEST_SUITE][PASSED] - LoginTestCase: Test Cases/RecordLoginLogout/LoginTestAbnormal]]></system-out>
      <system-err><![CDATA[]]></system-err>
   </testsuite>
   <testsuite name="LogoutTestCase" tests="1" failures="0" errors="0" time="56.835" skipped="0" timestamp="26-05-2024T04:17:17" hostname="Kevin Low - Kondisi_Low" id="Test Suites/LogoutTestCase">
      <properties>
         <property name="deviceName" value=""/>
         <property name="devicePlatform" value=""/>
         <property name="logFolder" value="C:\\Users\\Kevin Low\\Katalon Studio\\ProjectSharingSessionQAAutomation\\Reports\\20240526_041615\\LogoutTestCase\\20240526_041618"/>
         <property name="logFiles" value="C:\\Users\\Kevin Low\\Katalon Studio\\ProjectSharingSessionQAAutomation\\Reports\\20240526_041615\\LogoutTestCase\\20240526_041618\\execution0.log"/>
         <property name="attachments" value=""/>
         <property name="hostName" value="Kevin Low - Kondisi_Low"/>
         <property name="os" value="Windows 11 64bit"/>
         <property name="katalonVersion" value="9.4.0.212"/>
         <property name="browser" value="Chrome 125.0.0.0"/>
         <property name="hostAddress" value="192.168.50.167"/>
         <property name="sessionId" value="2b9df32fba998989207453198732da88"/>
         <property name="seleniumVersion" value="3.141.59"/>
         <property name="proxyInformation" value="ProxyInformation { proxyOption=NO_PROXY, proxyServerType=HTTP, username=, password=********, proxyServerAddress=, proxyServerPort=0, executionList=&quot;&quot;, isApplyToDesiredCapabilities=true }"/>
         <property name="platform" value="Windows 11"/>
      </properties>
      <testcase name="Test Cases/RecordLoginLogout/LogoutTest" time="56.554" classname="Test Cases/RecordLoginLogout/LogoutTest" status="PASSED">
         <system-out><![CDATA[26-05-2024T04:17:17 - [TEST_CASE][PASSED] - Test Cases/RecordLoginLogout/LogoutTest: Test Cases/RecordLoginLogout/LogoutTest

26-05-2024T04:17:18 - [TEST_STEP][PASSED] - openBrowser(""): Browser is opened with url: ''

26-05-2024T04:17:18 - [MESSAGE][INFO] - Starting 'Chrome' driver

26-05-2024T04:17:18 - [MESSAGE][INFO] - Action delay is set to 0 milliseconds

26-05-2024T04:17:21 - [MESSAGE][PASSED] - Browser is opened with url: ''

26-05-2024T04:17:21 - [TEST_STEP][PASSED] - navigateToUrl("https://metrodataacademy.id/"): Navigate to 'https://metrodataacademy.id/' successfully

26-05-2024T04:17:21 - [MESSAGE][PASSED] - Navigate to 'https://metrodataacademy.id/' successfully

26-05-2024T04:17:21 - [TEST_STEP][PASSED] - click(findTestObject("Page_Login Logout Metrodata Academy/a_Masuk")): Object: 'Object Repository/Page_Login Logout Metrodata Academy/a_Masuk' is clicked on

26-05-2024T04:17:29 - [MESSAGE][PASSED] - Object: 'Object Repository/Page_Login Logout Metrodata Academy/a_Masuk' is clicked on

26-05-2024T04:17:29 - [TEST_STEP][PASSED] - navigateToUrl("https://metrodataacademy.id/sign-in"): Navigate to 'https://metrodataacademy.id/sign-in' successfully

26-05-2024T04:17:29 - [MESSAGE][PASSED] - Navigate to 'https://metrodataacademy.id/sign-in' successfully

26-05-2024T04:17:29 - [TEST_STEP][PASSED] - setText(findTestObject("Object Repository/Page_Login Logout Metrodata Academy/input__email"), "christiansimanjuntak12@gmail.com"): Text 'christiansimanjuntak12@gmail.com' is set on object 'Object Repository/Page_Login Logout Metrodata Academy/input__email'

26-05-2024T04:17:30 - [MESSAGE][PASSED] - Text 'christiansimanjuntak12@gmail.com' is set on object 'Object Repository/Page_Login Logout Metrodata Academy/input__email'

26-05-2024T04:17:30 - [TEST_STEP][PASSED] - setEncryptedText(findTestObject("Object Repository/Page_Login Logout Metrodata Academy/input__password"), "AJxgTO7PuudFJYJNyubGtA=="): Text ****** has been set on object 'Object Repository/Page_Login Logout Metrodata Academy/input__password'

26-05-2024T04:17:31 - [MESSAGE][PASSED] - Text ****** has been set on object 'Object Repository/Page_Login Logout Metrodata Academy/input__password'

26-05-2024T04:17:31 - [TEST_STEP][PASSED] - click(findTestObject("Object Repository/Page_Login Logout Metrodata Academy/button_Masuk")): Object: 'Object Repository/Page_Login Logout Metrodata Academy/button_Masuk' is clicked on

26-05-2024T04:17:31 - [MESSAGE][PASSED] - Object: 'Object Repository/Page_Login Logout Metrodata Academy/button_Masuk' is clicked on

26-05-2024T04:17:31 - [TEST_STEP][PASSED] - click(findTestObject("Object Repository/Page_Login Logout Metrodata Academy/button_Hendrik Christian")): Object: 'Object Repository/Page_Login Logout Metrodata Academy/button_Hendrik Christian' is clicked on

26-05-2024T04:17:39 - [MESSAGE][PASSED] - Object: 'Object Repository/Page_Login Logout Metrodata Academy/button_Hendrik Christian' is clicked on

26-05-2024T04:17:39 - [TEST_STEP][PASSED] - click(findTestObject("Object Repository/Page_Login Logout Metrodata Academy/button_Keluar")): Object: 'Object Repository/Page_Login Logout Metrodata Academy/button_Keluar' is clicked on

26-05-2024T04:18:10 - [MESSAGE][INFO] - Unable to find the element located by 'By.xpath: //div[@id='headlessui-popover-panel-:ra:']/div/button'. Please recheck the objects properties to make sure the desired element is located. 

26-05-2024T04:18:10 - [MESSAGE][WARNING] - [SELF-HEALING] Failed to find element with id 'Object Repository/Page_Login Logout Metrodata Academy/button_Keluar'. Try using Self-healing.

26-05-2024T04:18:10 - [MESSAGE][WARNING] - [SELF-HEALING] The current locator of test object 'Object Repository/Page_Login Logout Metrodata Academy/button_Keluar' was broken. Propose an alternative one: '(.//*[normalize-space(text()) and normalize-space(.)='with Metrodata Academy'])[1]/preceding::button[1]'.

26-05-2024T04:18:11 - [MESSAGE][PASSED] - Object: 'Object Repository/Page_Login Logout Metrodata Academy/button_Keluar' is clicked on

26-05-2024T04:18:11 - [TEST_STEP][PASSED] - delay(3): Delayed 3 second(s)

26-05-2024T04:18:14 - [MESSAGE][PASSED] - Delayed 3 second(s)

26-05-2024T04:18:14 - [TEST_STEP][PASSED] - closeBrowser(): Browser is closed

26-05-2024T04:18:14 - [MESSAGE][PASSED] - Browser is closed]]></system-out>
         <system-err><![CDATA[]]></system-err>
      </testcase>
      <system-out><![CDATA[26-05-2024T04:17:17 - [TEST_SUITE][PASSED] - LogoutTestCase: Test Cases/RecordLoginLogout/LogoutTest]]></system-out>
      <system-err><![CDATA[]]></system-err>
   </testsuite>
</testsuites>
