<?xml version="1.0" encoding="UTF-8"?>
<testsuites name="EditProfileTestCase" time="94.425" tests="1" failures="0" errors="0">
   <testsuite name="EditProfileTestCase" tests="1" failures="0" errors="0" time="94.425" skipped="0" timestamp="26-05-2024T03:45:16" hostname="Kevin Low - Kondisi_Low" id="Test Suites/EditProfileTestCase">
      <properties>
         <property name="deviceName" value=""/>
         <property name="devicePlatform" value=""/>
         <property name="logFolder" value="C:\\Users\\Kevin Low\\Katalon Studio\\ProjectSharingSessionQAAutomation\\Reports\\20240526_034508\\EditProfileTestCase\\20240526_034508"/>
         <property name="logFiles" value="C:\\Users\\Kevin Low\\Katalon Studio\\ProjectSharingSessionQAAutomation\\Reports\\20240526_034508\\EditProfileTestCase\\20240526_034508\\execution0.log"/>
         <property name="attachments" value=""/>
         <property name="hostName" value="Kevin Low - Kondisi_Low"/>
         <property name="os" value="Windows 11 64bit"/>
         <property name="katalonVersion" value="9.4.0.212"/>
         <property name="browser" value="Chrome 125.0.0.0"/>
         <property name="hostAddress" value="192.168.50.167"/>
         <property name="sessionId" value="8fbc3b2ec822ca09646faa5ffe40dcc3"/>
         <property name="seleniumVersion" value="3.141.59"/>
         <property name="proxyInformation" value="ProxyInformation { proxyOption=NO_PROXY, proxyServerType=HTTP, username=, password=********, proxyServerAddress=, proxyServerPort=0, executionList=&quot;&quot;, isApplyToDesiredCapabilities=true }"/>
         <property name="platform" value="Windows 11"/>
      </properties>
      <testcase name="Test Cases/RecordEditProfileAkun/EditProfileAkun" time="94.11" classname="Test Cases/RecordEditProfileAkun/EditProfileAkun" status="PASSED">
         <system-out><![CDATA[26-05-2024T03:45:17 - [TEST_CASE][PASSED] - Test Cases/RecordEditProfileAkun/EditProfileAkun: Test Cases/RecordEditProfileAkun/EditProfileAkun

26-05-2024T03:45:17 - [TEST_STEP][PASSED] - openBrowser(""): Browser is opened with url: ''

26-05-2024T03:45:18 - [MESSAGE][INFO] - Starting 'Chrome' driver

26-05-2024T03:45:18 - [MESSAGE][INFO] - Action delay is set to 0 milliseconds

26-05-2024T03:45:20 - [MESSAGE][PASSED] - Browser is opened with url: ''

26-05-2024T03:45:20 - [TEST_STEP][PASSED] - navigateToUrl("https://metrodataacademy.id/"): Navigate to 'https://metrodataacademy.id/' successfully

26-05-2024T03:45:23 - [MESSAGE][PASSED] - Navigate to 'https://metrodataacademy.id/' successfully

26-05-2024T03:45:23 - [TEST_STEP][PASSED] - click(findTestObject("Object Repository/Page_Edit Profile Akun Metrodata Academy/a_Masuk")): Object: 'Object Repository/Page_Edit Profile Akun Metrodata Academy/a_Masuk' is clicked on

26-05-2024T03:45:27 - [MESSAGE][PASSED] - Object: 'Object Repository/Page_Edit Profile Akun Metrodata Academy/a_Masuk' is clicked on

26-05-2024T03:45:27 - [TEST_STEP][PASSED] - navigateToUrl("https://metrodataacademy.id/sign-in"): Navigate to 'https://metrodataacademy.id/sign-in' successfully

26-05-2024T03:45:28 - [MESSAGE][PASSED] - Navigate to 'https://metrodataacademy.id/sign-in' successfully

26-05-2024T03:45:28 - [TEST_STEP][PASSED] - setText(findTestObject("Object Repository/Page_Edit Profile Akun Metrodata Academy/input__email"), "christiansimanjuntak12@gmail.com"): Text 'christiansimanjuntak12@gmail.com' is set on object 'Object Repository/Page_Edit Profile Akun Metrodata Academy/input__email'

26-05-2024T03:45:29 - [MESSAGE][PASSED] - Text 'christiansimanjuntak12@gmail.com' is set on object 'Object Repository/Page_Edit Profile Akun Metrodata Academy/input__email'

26-05-2024T03:45:29 - [TEST_STEP][PASSED] - setEncryptedText(findTestObject("Object Repository/Page_Edit Profile Akun Metrodata Academy/input__password"), "AJxgTO7PuudFJYJNyubGtA=="): Text ****** has been set on object 'Object Repository/Page_Edit Profile Akun Metrodata Academy/input__password'

26-05-2024T03:45:29 - [MESSAGE][PASSED] - Text ****** has been set on object 'Object Repository/Page_Edit Profile Akun Metrodata Academy/input__password'

26-05-2024T03:45:29 - [TEST_STEP][PASSED] - click(findTestObject("Object Repository/Page_Edit Profile Akun Metrodata Academy/button_Masuk")): Object: 'Object Repository/Page_Edit Profile Akun Metrodata Academy/button_Masuk' is clicked on

26-05-2024T03:45:30 - [MESSAGE][PASSED] - Object: 'Object Repository/Page_Edit Profile Akun Metrodata Academy/button_Masuk' is clicked on

26-05-2024T03:45:30 - [TEST_STEP][PASSED] - click(findTestObject("Page_Edit Profile Akun Metrodata Academy/button_Hendrik Christian")): Object: 'Object Repository/Page_Edit Profile Akun Metrodata Academy/button_Hendrik Christian' is clicked on

26-05-2024T03:46:01 - [MESSAGE][INFO] - Unable to find the element located by 'By.xpath: //button[@id='headlessui-disclosure-button-:ra:']'. Please recheck the objects properties to make sure the desired element is located. 

26-05-2024T03:46:01 - [MESSAGE][WARNING] - [SELF-HEALING] Failed to find element with id 'Object Repository/Page_Edit Profile Akun Metrodata Academy/button_Hendrik Christian'. Try using Self-healing.

26-05-2024T03:46:02 - [MESSAGE][INFO] - [SELF-HEALING] Failed Locator: '//button[@id='headlessui-disclosure-button-:ra:']'.

26-05-2024T03:46:03 - [MESSAGE][INFO] - [SELF-HEALING] Failed Locator: '//div[@id='headlessui-dialog-panel-:r7:']/div[2]/div/div[2]/div/button'.

26-05-2024T03:46:03 - [MESSAGE][INFO] - [SELF-HEALING] Failed Locator: '(.//*[normalize-space(text()) and normalize-space(.)='Tentang Kami'])[3]/following::button[1]'.

26-05-2024T03:46:03 - [MESSAGE][INFO] - [SELF-HEALING] Failed Locator: '(.//*[normalize-space(text()) and normalize-space(.)='Artikel'])[3]/following::button[1]'.

26-05-2024T03:46:04 - [MESSAGE][INFO] - [SELF-HEALING] Failed Locator: '//div[2]/div/div[2]/div/button'.

26-05-2024T03:46:04 - [MESSAGE][INFO] - [SELF-HEALING] Failed Locator: '//button[@id = 'headlessui-disclosure-button-:ra:' and @type = 'button' and (text() = 'Hendrik Christian' or . = 'Hendrik Christian')]'.

26-05-2024T03:46:04 - [MESSAGE][INFO] - [SELF-HEALING] Screenshot: C:/Users/Kevin Low/Katalon Studio/ProjectSharingSessionQAAutomation/Reports/Self-healing/Object Repository/Page_Edit Profile Akun Metrodata Academy/button_Hendrik Christian_SMART_LOCATOR.png

26-05-2024T03:46:04 - [MESSAGE][WARNING] - [SELF-HEALING] The current locator of test object 'Object Repository/Page_Edit Profile Akun Metrodata Academy/button_Hendrik Christian' was broken. Propose an alternative one: 'internal:role=button[name="Hendrik Christian"i]'.

26-05-2024T03:46:04 - [MESSAGE][PASSED] - Object: 'Object Repository/Page_Edit Profile Akun Metrodata Academy/button_Hendrik Christian' is clicked on

26-05-2024T03:46:04 - [TEST_STEP][PASSED] - click(findTestObject("Object Repository/Page_Edit Profile Akun Metrodata Academy/a_Akun Saya")): Object: 'Object Repository/Page_Edit Profile Akun Metrodata Academy/a_Akun Saya' is clicked on

26-05-2024T03:46:36 - [MESSAGE][INFO] - Unable to find the element located by 'By.xpath: //div[@id='headlessui-disclosure-panel-:rb:']/a'. Please recheck the objects properties to make sure the desired element is located. 

26-05-2024T03:46:36 - [MESSAGE][WARNING] - [SELF-HEALING] Failed to find element with id 'Object Repository/Page_Edit Profile Akun Metrodata Academy/a_Akun Saya'. Try using Self-healing.

26-05-2024T03:46:36 - [MESSAGE][WARNING] - [SELF-HEALING] The current locator of test object 'Object Repository/Page_Edit Profile Akun Metrodata Academy/a_Akun Saya' was broken. Propose an alternative one: '//a[contains(text(),'Akun Saya')]'.

26-05-2024T03:46:37 - [MESSAGE][PASSED] - Object: 'Object Repository/Page_Edit Profile Akun Metrodata Academy/a_Akun Saya' is clicked on

26-05-2024T03:46:37 - [TEST_STEP][PASSED] - navigateToUrl("https://metrodataacademy.id/profile"): Navigate to 'https://metrodataacademy.id/profile' successfully

26-05-2024T03:46:37 - [MESSAGE][PASSED] - Navigate to 'https://metrodataacademy.id/profile' successfully

26-05-2024T03:46:37 - [TEST_STEP][PASSED] - selectOptionByValue(findTestObject("Object Repository/Page_Edit Profile Akun Metrodata Academy/select_Pilih Jenis KelaminLaki-LakiPerempuan"), "L", true): All options with value 'L' are selected in object 'Object Repository/Page_Edit Profile Akun Metrodata Academy/select_Pilih Jenis KelaminLaki-LakiPerempuan'  using regular expression

26-05-2024T03:46:38 - [MESSAGE][PASSED] - All options with value 'L' are selected in object 'Object Repository/Page_Edit Profile Akun Metrodata Academy/select_Pilih Jenis KelaminLaki-LakiPerempuan'  using regular expression

26-05-2024T03:46:38 - [TEST_STEP][PASSED] - click(findTestObject("Object Repository/Page_Edit Profile Akun Metrodata Academy/input__phoneNumber")): Object: 'Object Repository/Page_Edit Profile Akun Metrodata Academy/input__phoneNumber' is clicked on

26-05-2024T03:46:39 - [MESSAGE][PASSED] - Object: 'Object Repository/Page_Edit Profile Akun Metrodata Academy/input__phoneNumber' is clicked on

26-05-2024T03:46:39 - [TEST_STEP][PASSED] - setText(findTestObject("Object Repository/Page_Edit Profile Akun Metrodata Academy/input__phoneNumber"), "85395374206"): Text '85395374206' is set on object 'Object Repository/Page_Edit Profile Akun Metrodata Academy/input__phoneNumber'

26-05-2024T03:46:39 - [MESSAGE][PASSED] - Text '85395374206' is set on object 'Object Repository/Page_Edit Profile Akun Metrodata Academy/input__phoneNumber'

26-05-2024T03:46:39 - [TEST_STEP][PASSED] - selectOptionByValue(findTestObject("Object Repository/Page_Edit Profile Akun Metrodata Academy/select_Pilih ProvinsiACEHSUMATERA UTARASUMA_0888d3"), "31", true): All options with value '31' are selected in object 'Object Repository/Page_Edit Profile Akun Metrodata Academy/select_Pilih ProvinsiACEHSUMATERA UTARASUMA_0888d3'  using regular expression

26-05-2024T03:46:41 - [MESSAGE][PASSED] - All options with value '31' are selected in object 'Object Repository/Page_Edit Profile Akun Metrodata Academy/select_Pilih ProvinsiACEHSUMATERA UTARASUMA_0888d3'  using regular expression

26-05-2024T03:46:41 - [TEST_STEP][PASSED] - selectOptionByValue(findTestObject("Page_Edit Profile Akun Metrodata Academy/select_Pilih KotaKABUPATEN KEPULAUAN SERIBU_039097"), "3174", true): All options with value '3174' are selected in object 'Object Repository/Page_Edit Profile Akun Metrodata Academy/select_Pilih KotaKABUPATEN KEPULAUAN SERIBU_039097'  using regular expression

26-05-2024T03:46:42 - [MESSAGE][PASSED] - All options with value '3174' are selected in object 'Object Repository/Page_Edit Profile Akun Metrodata Academy/select_Pilih KotaKABUPATEN KEPULAUAN SERIBU_039097'  using regular expression

26-05-2024T03:46:42 - [TEST_STEP][PASSED] - selectOptionByValue(findTestObject("Object Repository/Page_Edit Profile Akun Metrodata Academy/select_Pilih UniversitasUniversitas Stikuba_a88121"), "5b14b6f4-07b8-49d5-ab63-c2d2cd8fb6ec", true): All options with value '5b14b6f4-07b8-49d5-ab63-c2d2cd8fb6ec' are selected in object 'Object Repository/Page_Edit Profile Akun Metrodata Academy/select_Pilih UniversitasUniversitas Stikuba_a88121'  using regular expression

26-05-2024T03:46:44 - [MESSAGE][PASSED] - All options with value '5b14b6f4-07b8-49d5-ab63-c2d2cd8fb6ec' are selected in object 'Object Repository/Page_Edit Profile Akun Metrodata Academy/select_Pilih UniversitasUniversitas Stikuba_a88121'  using regular expression

26-05-2024T03:46:44 - [TEST_STEP][PASSED] - selectOptionByValue(findTestObject("Object Repository/Page_Edit Profile Akun Metrodata Academy/select_Pilih JurusanIlmu KomputerTeknik Ele_ad8856"), "c5735516-b73f-42a0-8a5c-bf805242d142", true): All options with value 'c5735516-b73f-42a0-8a5c-bf805242d142' are selected in object 'Object Repository/Page_Edit Profile Akun Metrodata Academy/select_Pilih JurusanIlmu KomputerTeknik Ele_ad8856'  using regular expression

26-05-2024T03:46:45 - [MESSAGE][PASSED] - All options with value 'c5735516-b73f-42a0-8a5c-bf805242d142' are selected in object 'Object Repository/Page_Edit Profile Akun Metrodata Academy/select_Pilih JurusanIlmu KomputerTeknik Ele_ad8856'  using regular expression

26-05-2024T03:46:45 - [TEST_STEP][PASSED] - selectOptionByValue(findTestObject("Object Repository/Page_Edit Profile Akun Metrodata Academy/select_Pilih GelarD3S1S2S3"), "S1", true): All options with value 'S1' are selected in object 'Object Repository/Page_Edit Profile Akun Metrodata Academy/select_Pilih GelarD3S1S2S3'  using regular expression

26-05-2024T03:46:46 - [MESSAGE][PASSED] - All options with value 'S1' are selected in object 'Object Repository/Page_Edit Profile Akun Metrodata Academy/select_Pilih GelarD3S1S2S3'  using regular expression

26-05-2024T03:46:46 - [TEST_STEP][PASSED] - click(findTestObject("Object Repository/Page_Edit Profile Akun Metrodata Academy/button_Simpan")): Object: 'Object Repository/Page_Edit Profile Akun Metrodata Academy/button_Simpan' is clicked on

26-05-2024T03:46:47 - [MESSAGE][PASSED] - Object: 'Object Repository/Page_Edit Profile Akun Metrodata Academy/button_Simpan' is clicked on

26-05-2024T03:46:47 - [TEST_STEP][PASSED] - delay(4): Delayed 4 second(s)

26-05-2024T03:46:51 - [MESSAGE][PASSED] - Delayed 4 second(s)

26-05-2024T03:46:51 - [TEST_STEP][PASSED] - closeBrowser(): Browser is closed

26-05-2024T03:46:51 - [MESSAGE][PASSED] - Browser is closed]]></system-out>
         <system-err><![CDATA[]]></system-err>
      </testcase>
      <system-out><![CDATA[26-05-2024T03:45:16 - [TEST_SUITE][PASSED] - EditProfileTestCase: Test Cases/RecordEditProfileAkun/EditProfileAkun]]></system-out>
      <system-err><![CDATA[]]></system-err>
   </testsuite>
</testsuites>
