<?xml version="1.0" encoding="UTF-8"?>
<testsuites name="Kelompok 2" time="263.119" tests="6" failures="0" errors="0">
   <testsuite name="Kelompok 2" tests="6" failures="0" errors="0" time="263.119" skipped="0" timestamp="26-05-2024T21:38:11" hostname="RICKY-HARBU - DESKTOP-HARBU" id="Test Suites/Kelompok 2">
      <properties>
         <property name="deviceName" value=""/>
         <property name="devicePlatform" value=""/>
         <property name="logFolder" value="C:\\Users\\RICKY-HARBU\\git\\katalon2\\Reports\\20240526_213806\\Kelompok 2\\20240526_213806"/>
         <property name="logFiles" value="C:\\Users\\RICKY-HARBU\\git\\katalon2\\Reports\\20240526_213806\\Kelompok 2\\20240526_213806\\execution0.log"/>
         <property name="attachments" value=""/>
         <property name="hostName" value="RICKY-HARBU - DESKTOP-HARBU"/>
         <property name="os" value="Windows 10 64bit"/>
         <property name="katalonVersion" value="9.4.0.212"/>
         <property name="browser" value="Chrome 125.0.0.0"/>
         <property name="hostAddress" value="192.168.1.10"/>
         <property name="sessionId" value="2c6292c318c72625ac9785b6424b2677"/>
         <property name="seleniumVersion" value="3.141.59"/>
         <property name="proxyInformation" value="ProxyInformation { proxyOption=NO_PROXY, proxyServerType=HTTP, username=, password=********, proxyServerAddress=, proxyServerPort=0, executionList=&quot;&quot;, isApplyToDesiredCapabilities=true }"/>
         <property name="platform" value="Windows 10"/>
      </properties>
      <testcase name="Test Cases/Login_Normal" time="21.271" classname="Test Cases/Login_Normal" status="PASSED">
         <system-out><![CDATA[26-05-2024T21:38:11 - [TEST_CASE][PASSED] - Test Cases/Login_Normal: Test Cases/Login_Normal

26-05-2024T21:38:11 - [TEST_STEP][PASSED] - openBrowser(""): Browser is opened with url: ''

26-05-2024T21:38:12 - [MESSAGE][INFO] - Starting 'Chrome' driver

26-05-2024T21:38:12 - [MESSAGE][INFO] - Action delay is set to 0 milliseconds

26-05-2024T21:38:13 - [MESSAGE][PASSED] - Browser is opened with url: ''

26-05-2024T21:38:13 - [TEST_STEP][PASSED] - maximizeWindow(): Current window maximized

26-05-2024T21:38:13 - [MESSAGE][PASSED] - Current window maximized

26-05-2024T21:38:13 - [TEST_STEP][PASSED] - navigateToUrl("https://metrodataacademy.id/metrodata-training/list"): Navigate to 'https://metrodataacademy.id/metrodata-training/list' successfully

26-05-2024T21:38:16 - [MESSAGE][PASSED] - Navigate to 'https://metrodataacademy.id/metrodata-training/list' successfully

26-05-2024T21:38:16 - [TEST_STEP][PASSED] - click(findTestObject("Page_Metrodata Academy/a_Masuk")): Object: 'Object Repository/Page_Metrodata Academy/a_Masuk' is clicked on

26-05-2024T21:38:21 - [MESSAGE][PASSED] - Object: 'Object Repository/Page_Metrodata Academy/a_Masuk' is clicked on

26-05-2024T21:38:21 - [TEST_STEP][PASSED] - setText(findTestObject("Page_Metrodata Academy/input__email"), username): Text 'papahgilak@gmail.com' is set on object 'Object Repository/Page_Metrodata Academy/input__email'

26-05-2024T21:38:22 - [MESSAGE][PASSED] - Text 'papahgilak@gmail.com' is set on object 'Object Repository/Page_Metrodata Academy/input__email'

26-05-2024T21:38:22 - [TEST_STEP][PASSED] - setEncryptedText(findTestObject("Page_Metrodata Academy/input__password"), password): Text ****** has been set on object 'Object Repository/Page_Metrodata Academy/input__password'

26-05-2024T21:38:22 - [MESSAGE][PASSED] - Text ****** has been set on object 'Object Repository/Page_Metrodata Academy/input__password'

26-05-2024T21:38:22 - [TEST_STEP][PASSED] - click(findTestObject("Page_Metrodata Academy/button_Masuk")): Object: 'Object Repository/Page_Metrodata Academy/button_Masuk' is clicked on

26-05-2024T21:38:23 - [MESSAGE][PASSED] - Object: 'Object Repository/Page_Metrodata Academy/button_Masuk' is clicked on

26-05-2024T21:38:23 - [TEST_STEP][PASSED] - click(findTestObject("Page_Metrodata Academy/svg_M Gilang Rizky Ramadhan_w-5 h-5 ml-1")): Object: 'Object Repository/Page_Metrodata Academy/svg_M Gilang Rizky Ramadhan_w-5 h-5 ml-1' is clicked on

26-05-2024T21:38:31 - [MESSAGE][PASSED] - Object: 'Object Repository/Page_Metrodata Academy/svg_M Gilang Rizky Ramadhan_w-5 h-5 ml-1' is clicked on

26-05-2024T21:38:31 - [TEST_STEP][PASSED] - click(findTestObject("Page_Metrodata Academy/button_Keluar")): Object: 'Object Repository/Page_Metrodata Academy/button_Keluar' is clicked on

26-05-2024T21:38:32 - [MESSAGE][PASSED] - Object: 'Object Repository/Page_Metrodata Academy/button_Keluar' is clicked on

26-05-2024T21:38:32 - [TEST_STEP][PASSED] - closeBrowser(STOP_ON_FAILURE): Browser is closed

26-05-2024T21:38:32 - [MESSAGE][PASSED] - Browser is closed]]></system-out>
         <system-err><![CDATA[]]></system-err>
      </testcase>
      <testcase name="Test Cases/Login_Normal" time="25.268" classname="Test Cases/Login_Normal" status="PASSED">
         <system-out><![CDATA[26-05-2024T21:38:32 - [TEST_CASE][PASSED] - Test Cases/Login_Normal: Test Cases/Login_Normal

26-05-2024T21:38:32 - [TEST_STEP][PASSED] - openBrowser(""): Browser is opened with url: ''

26-05-2024T21:38:32 - [MESSAGE][INFO] - Starting 'Chrome' driver

26-05-2024T21:38:32 - [MESSAGE][INFO] - Action delay is set to 0 milliseconds

26-05-2024T21:38:33 - [MESSAGE][PASSED] - Browser is opened with url: ''

26-05-2024T21:38:33 - [TEST_STEP][PASSED] - maximizeWindow(): Current window maximized

26-05-2024T21:38:33 - [MESSAGE][PASSED] - Current window maximized

26-05-2024T21:38:33 - [TEST_STEP][PASSED] - navigateToUrl("https://metrodataacademy.id/metrodata-training/list"): Navigate to 'https://metrodataacademy.id/metrodata-training/list' successfully

26-05-2024T21:38:42 - [MESSAGE][PASSED] - Navigate to 'https://metrodataacademy.id/metrodata-training/list' successfully

26-05-2024T21:38:42 - [TEST_STEP][PASSED] - click(findTestObject("Page_Metrodata Academy/a_Masuk")): Object: 'Object Repository/Page_Metrodata Academy/a_Masuk' is clicked on

26-05-2024T21:38:45 - [MESSAGE][PASSED] - Object: 'Object Repository/Page_Metrodata Academy/a_Masuk' is clicked on

26-05-2024T21:38:46 - [TEST_STEP][PASSED] - setText(findTestObject("Page_Metrodata Academy/input__email"), username): Text 'christiansimanjuntak12@gmail.com' is set on object 'Object Repository/Page_Metrodata Academy/input__email'

26-05-2024T21:38:46 - [MESSAGE][PASSED] - Text 'christiansimanjuntak12@gmail.com' is set on object 'Object Repository/Page_Metrodata Academy/input__email'

26-05-2024T21:38:46 - [TEST_STEP][PASSED] - setEncryptedText(findTestObject("Page_Metrodata Academy/input__password"), password): Text ****** has been set on object 'Object Repository/Page_Metrodata Academy/input__password'

26-05-2024T21:38:47 - [MESSAGE][PASSED] - Text ****** has been set on object 'Object Repository/Page_Metrodata Academy/input__password'

26-05-2024T21:38:47 - [TEST_STEP][PASSED] - click(findTestObject("Page_Metrodata Academy/button_Masuk")): Object: 'Object Repository/Page_Metrodata Academy/button_Masuk' is clicked on

26-05-2024T21:38:47 - [MESSAGE][PASSED] - Object: 'Object Repository/Page_Metrodata Academy/button_Masuk' is clicked on

26-05-2024T21:38:47 - [TEST_STEP][PASSED] - click(findTestObject("Page_Metrodata Academy/svg_M Gilang Rizky Ramadhan_w-5 h-5 ml-1")): Object: 'Object Repository/Page_Metrodata Academy/svg_M Gilang Rizky Ramadhan_w-5 h-5 ml-1' is clicked on

26-05-2024T21:38:56 - [MESSAGE][INFO] - Unable to find the element located by 'By.xpath: (.//*[normalize-space(text()) and normalize-space(.)='M Gilang Rizky Ramadhan'])[1]//*[name()='svg'][1]'. Please recheck the objects properties to make sure the desired element is located. 

26-05-2024T21:38:56 - [MESSAGE][WARNING] - [SELF-HEALING] Failed to find element with id 'Object Repository/Page_Metrodata Academy/svg_M Gilang Rizky Ramadhan_w-5 h-5 ml-1'. Try using Self-healing.

26-05-2024T21:38:56 - [MESSAGE][INFO] - [SELF-HEALING] Failed Locator: '(.//*[normalize-space(text()) and normalize-space(.)='M Gilang Rizky Ramadhan'])[1]//*[name()='svg'][1]'.

26-05-2024T21:38:56 - [MESSAGE][INFO] - [SELF-HEALING] Working Locator: '(.//*[normalize-space(text()) and normalize-space(.)='Tentang Kami'])[1]/following::*[name()='svg'][1]'.

26-05-2024T21:38:57 - [MESSAGE][INFO] - [SELF-HEALING] Screenshot: C:/Users/RICKY-HARBU/git/katalon2/Reports/Self-healing/Object Repository/Page_Metrodata Academy/svg_M Gilang Rizky Ramadhan_w-5 h-5 ml-1_neighbor.png

26-05-2024T21:38:57 - [MESSAGE][WARNING] - [SELF-HEALING] The current locator of test object 'Object Repository/Page_Metrodata Academy/svg_M Gilang Rizky Ramadhan_w-5 h-5 ml-1' was broken. Propose an alternative one: '(.//*[normalize-space(text()) and normalize-space(.)='Tentang Kami'])[1]/following::*[name()='svg'][1]'.

26-05-2024T21:38:57 - [MESSAGE][PASSED] - Object: 'Object Repository/Page_Metrodata Academy/svg_M Gilang Rizky Ramadhan_w-5 h-5 ml-1' is clicked on

26-05-2024T21:38:57 - [TEST_STEP][PASSED] - click(findTestObject("Page_Metrodata Academy/button_Keluar")): Object: 'Object Repository/Page_Metrodata Academy/button_Keluar' is clicked on

26-05-2024T21:38:57 - [MESSAGE][PASSED] - Object: 'Object Repository/Page_Metrodata Academy/button_Keluar' is clicked on

26-05-2024T21:38:57 - [TEST_STEP][PASSED] - closeBrowser(STOP_ON_FAILURE): Browser is closed

26-05-2024T21:38:57 - [MESSAGE][PASSED] - Browser is closed]]></system-out>
         <system-err><![CDATA[]]></system-err>
      </testcase>
      <testcase name="Test Cases/RecordEditProfileAkun/EditProfileAkun" time="48.438" classname="Test Cases/RecordEditProfileAkun/EditProfileAkun" status="PASSED">
         <system-out><![CDATA[26-05-2024T21:38:58 - [TEST_CASE][PASSED] - Test Cases/RecordEditProfileAkun/EditProfileAkun: Test Cases/RecordEditProfileAkun/EditProfileAkun

26-05-2024T21:38:58 - [TEST_STEP][PASSED] - openBrowser(""): Browser is opened with url: ''

26-05-2024T21:38:58 - [MESSAGE][INFO] - Starting 'Chrome' driver

26-05-2024T21:38:58 - [MESSAGE][INFO] - Action delay is set to 0 milliseconds

26-05-2024T21:38:58 - [MESSAGE][PASSED] - Browser is opened with url: ''

26-05-2024T21:38:58 - [TEST_STEP][PASSED] - maximizeWindow(): Current window maximized

26-05-2024T21:38:58 - [MESSAGE][PASSED] - Current window maximized

26-05-2024T21:38:58 - [TEST_STEP][PASSED] - navigateToUrl("https://metrodataacademy.id/"): Navigate to 'https://metrodataacademy.id/' successfully

26-05-2024T21:39:00 - [MESSAGE][PASSED] - Navigate to 'https://metrodataacademy.id/' successfully

26-05-2024T21:39:00 - [TEST_STEP][PASSED] - click(findTestObject("Object Repository/Page_Edit Profile Akun Metrodata Academy/a_Masuk")): Object: 'Object Repository/Page_Edit Profile Akun Metrodata Academy/a_Masuk' is clicked on

26-05-2024T21:39:07 - [MESSAGE][PASSED] - Object: 'Object Repository/Page_Edit Profile Akun Metrodata Academy/a_Masuk' is clicked on

26-05-2024T21:39:07 - [TEST_STEP][PASSED] - navigateToUrl("https://metrodataacademy.id/sign-in"): Navigate to 'https://metrodataacademy.id/sign-in' successfully

26-05-2024T21:39:07 - [MESSAGE][PASSED] - Navigate to 'https://metrodataacademy.id/sign-in' successfully

26-05-2024T21:39:07 - [TEST_STEP][PASSED] - setText(findTestObject("Object Repository/Page_Edit Profile Akun Metrodata Academy/input__email"), "christiansimanjuntak12@gmail.com"): Text 'christiansimanjuntak12@gmail.com' is set on object 'Object Repository/Page_Edit Profile Akun Metrodata Academy/input__email'

26-05-2024T21:39:08 - [MESSAGE][PASSED] - Text 'christiansimanjuntak12@gmail.com' is set on object 'Object Repository/Page_Edit Profile Akun Metrodata Academy/input__email'

26-05-2024T21:39:08 - [TEST_STEP][PASSED] - setEncryptedText(findTestObject("Object Repository/Page_Edit Profile Akun Metrodata Academy/input__password"), "AJxgTO7PuudFJYJNyubGtA=="): Text ****** has been set on object 'Object Repository/Page_Edit Profile Akun Metrodata Academy/input__password'

26-05-2024T21:39:09 - [MESSAGE][PASSED] - Text ****** has been set on object 'Object Repository/Page_Edit Profile Akun Metrodata Academy/input__password'

26-05-2024T21:39:09 - [TEST_STEP][PASSED] - click(findTestObject("Object Repository/Page_Edit Profile Akun Metrodata Academy/button_Masuk")): Object: 'Object Repository/Page_Edit Profile Akun Metrodata Academy/button_Masuk' is clicked on

26-05-2024T21:39:09 - [MESSAGE][PASSED] - Object: 'Object Repository/Page_Edit Profile Akun Metrodata Academy/button_Masuk' is clicked on

26-05-2024T21:39:09 - [TEST_STEP][PASSED] - click(findTestObject("Page_Edit Profile Akun Metrodata Academy/button_Hendrik Christian")): Object: 'Object Repository/Page_Edit Profile Akun Metrodata Academy/button_Hendrik Christian' is clicked on

26-05-2024T21:39:17 - [MESSAGE][INFO] - Unable to find the element located by 'By.xpath: //button[@id='headlessui-disclosure-button-:ra:']'. Please recheck the objects properties to make sure the desired element is located. 

26-05-2024T21:39:17 - [MESSAGE][WARNING] - [SELF-HEALING] Failed to find element with id 'Object Repository/Page_Edit Profile Akun Metrodata Academy/button_Hendrik Christian'. Try using Self-healing.

26-05-2024T21:39:17 - [MESSAGE][INFO] - [SELF-HEALING] Failed Locator: '//button[@id='headlessui-disclosure-button-:ra:']'.

26-05-2024T21:39:18 - [MESSAGE][INFO] - [SELF-HEALING] Failed Locator: '//div[@id='headlessui-dialog-panel-:r7:']/div[2]/div/div[2]/div/button'.

26-05-2024T21:39:18 - [MESSAGE][INFO] - [SELF-HEALING] Failed Locator: '(.//*[normalize-space(text()) and normalize-space(.)='Tentang Kami'])[3]/following::button[1]'.

26-05-2024T21:39:18 - [MESSAGE][INFO] - [SELF-HEALING] Failed Locator: '(.//*[normalize-space(text()) and normalize-space(.)='Artikel'])[3]/following::button[1]'.

26-05-2024T21:39:19 - [MESSAGE][INFO] - [SELF-HEALING] Failed Locator: '//div[2]/div/div[2]/div/button'.

26-05-2024T21:39:19 - [MESSAGE][INFO] - [SELF-HEALING] Failed Locator: '//button[@id = 'headlessui-disclosure-button-:ra:' and @type = 'button' and (text() = 'Hendrik Christian' or . = 'Hendrik Christian')]'.

26-05-2024T21:39:19 - [MESSAGE][INFO] - [SELF-HEALING] Screenshot: C:/Users/RICKY-HARBU/git/katalon2/Reports/Self-healing/Object Repository/Page_Edit Profile Akun Metrodata Academy/button_Hendrik Christian_SMART_LOCATOR.png

26-05-2024T21:39:19 - [MESSAGE][WARNING] - [SELF-HEALING] The current locator of test object 'Object Repository/Page_Edit Profile Akun Metrodata Academy/button_Hendrik Christian' was broken. Propose an alternative one: 'internal:role=button[name="Hendrik Christian"i]'.

26-05-2024T21:39:19 - [MESSAGE][PASSED] - Object: 'Object Repository/Page_Edit Profile Akun Metrodata Academy/button_Hendrik Christian' is clicked on

26-05-2024T21:39:19 - [TEST_STEP][PASSED] - click(findTestObject("Object Repository/Page_Edit Profile Akun Metrodata Academy/a_Akun Saya")): Object: 'Object Repository/Page_Edit Profile Akun Metrodata Academy/a_Akun Saya' is clicked on

26-05-2024T21:39:28 - [MESSAGE][INFO] - Unable to find the element located by 'By.xpath: //div[@id='headlessui-disclosure-panel-:rb:']/a'. Please recheck the objects properties to make sure the desired element is located. 

26-05-2024T21:39:28 - [MESSAGE][WARNING] - [SELF-HEALING] Failed to find element with id 'Object Repository/Page_Edit Profile Akun Metrodata Academy/a_Akun Saya'. Try using Self-healing.

26-05-2024T21:39:28 - [MESSAGE][INFO] - [SELF-HEALING] Failed Locator: '//div[@id='headlessui-disclosure-panel-:rb:']/a'.

26-05-2024T21:39:28 - [MESSAGE][INFO] - [SELF-HEALING] Working Locator: '//a[contains(text(),'Akun Saya')]'.

26-05-2024T21:39:28 - [MESSAGE][INFO] - [SELF-HEALING] Screenshot: C:/Users/RICKY-HARBU/git/katalon2/Reports/Self-healing/Object Repository/Page_Edit Profile Akun Metrodata Academy/a_Akun Saya_link.png

26-05-2024T21:39:28 - [MESSAGE][WARNING] - [SELF-HEALING] The current locator of test object 'Object Repository/Page_Edit Profile Akun Metrodata Academy/a_Akun Saya' was broken. Propose an alternative one: '//a[contains(text(),'Akun Saya')]'.

26-05-2024T21:39:29 - [MESSAGE][PASSED] - Object: 'Object Repository/Page_Edit Profile Akun Metrodata Academy/a_Akun Saya' is clicked on

26-05-2024T21:39:29 - [TEST_STEP][PASSED] - navigateToUrl("https://metrodataacademy.id/profile"): Navigate to 'https://metrodataacademy.id/profile' successfully

26-05-2024T21:39:29 - [MESSAGE][PASSED] - Navigate to 'https://metrodataacademy.id/profile' successfully

26-05-2024T21:39:29 - [TEST_STEP][PASSED] - selectOptionByValue(findTestObject("Object Repository/Page_Edit Profile Akun Metrodata Academy/select_Pilih Jenis KelaminLaki-LakiPerempuan"), "L", true): All options with value 'L' are selected in object 'Object Repository/Page_Edit Profile Akun Metrodata Academy/select_Pilih Jenis KelaminLaki-LakiPerempuan'  using regular expression

26-05-2024T21:39:31 - [MESSAGE][PASSED] - All options with value 'L' are selected in object 'Object Repository/Page_Edit Profile Akun Metrodata Academy/select_Pilih Jenis KelaminLaki-LakiPerempuan'  using regular expression

26-05-2024T21:39:31 - [TEST_STEP][PASSED] - click(findTestObject("Object Repository/Page_Edit Profile Akun Metrodata Academy/input__phoneNumber")): Object: 'Object Repository/Page_Edit Profile Akun Metrodata Academy/input__phoneNumber' is clicked on

26-05-2024T21:39:31 - [MESSAGE][PASSED] - Object: 'Object Repository/Page_Edit Profile Akun Metrodata Academy/input__phoneNumber' is clicked on

26-05-2024T21:39:31 - [TEST_STEP][PASSED] - setText(findTestObject("Object Repository/Page_Edit Profile Akun Metrodata Academy/input__phoneNumber"), "85395374206"): Text '85395374206' is set on object 'Object Repository/Page_Edit Profile Akun Metrodata Academy/input__phoneNumber'

26-05-2024T21:39:32 - [MESSAGE][PASSED] - Text '85395374206' is set on object 'Object Repository/Page_Edit Profile Akun Metrodata Academy/input__phoneNumber'

26-05-2024T21:39:32 - [TEST_STEP][PASSED] - selectOptionByValue(findTestObject("Object Repository/Page_Edit Profile Akun Metrodata Academy/select_Pilih ProvinsiACEHSUMATERA UTARASUMA_0888d3"), "31", true): All options with value '31' are selected in object 'Object Repository/Page_Edit Profile Akun Metrodata Academy/select_Pilih ProvinsiACEHSUMATERA UTARASUMA_0888d3'  using regular expression

26-05-2024T21:39:34 - [MESSAGE][PASSED] - All options with value '31' are selected in object 'Object Repository/Page_Edit Profile Akun Metrodata Academy/select_Pilih ProvinsiACEHSUMATERA UTARASUMA_0888d3'  using regular expression

26-05-2024T21:39:34 - [TEST_STEP][PASSED] - selectOptionByValue(findTestObject("Page_Edit Profile Akun Metrodata Academy/select_Pilih KotaKABUPATEN KEPULAUAN SERIBU_039097"), "3174", true): All options with value '3174' are selected in object 'Object Repository/Page_Edit Profile Akun Metrodata Academy/select_Pilih KotaKABUPATEN KEPULAUAN SERIBU_039097'  using regular expression

26-05-2024T21:39:35 - [MESSAGE][PASSED] - All options with value '3174' are selected in object 'Object Repository/Page_Edit Profile Akun Metrodata Academy/select_Pilih KotaKABUPATEN KEPULAUAN SERIBU_039097'  using regular expression

26-05-2024T21:39:35 - [TEST_STEP][PASSED] - selectOptionByValue(findTestObject("Object Repository/Page_Edit Profile Akun Metrodata Academy/select_Pilih UniversitasUniversitas Stikuba_a88121"), "5b14b6f4-07b8-49d5-ab63-c2d2cd8fb6ec", true): All options with value '5b14b6f4-07b8-49d5-ab63-c2d2cd8fb6ec' are selected in object 'Object Repository/Page_Edit Profile Akun Metrodata Academy/select_Pilih UniversitasUniversitas Stikuba_a88121'  using regular expression

26-05-2024T21:39:38 - [MESSAGE][PASSED] - All options with value '5b14b6f4-07b8-49d5-ab63-c2d2cd8fb6ec' are selected in object 'Object Repository/Page_Edit Profile Akun Metrodata Academy/select_Pilih UniversitasUniversitas Stikuba_a88121'  using regular expression

26-05-2024T21:39:38 - [TEST_STEP][PASSED] - selectOptionByValue(findTestObject("Object Repository/Page_Edit Profile Akun Metrodata Academy/select_Pilih JurusanIlmu KomputerTeknik Ele_ad8856"), "c5735516-b73f-42a0-8a5c-bf805242d142", true): All options with value 'c5735516-b73f-42a0-8a5c-bf805242d142' are selected in object 'Object Repository/Page_Edit Profile Akun Metrodata Academy/select_Pilih JurusanIlmu KomputerTeknik Ele_ad8856'  using regular expression

26-05-2024T21:39:40 - [MESSAGE][PASSED] - All options with value 'c5735516-b73f-42a0-8a5c-bf805242d142' are selected in object 'Object Repository/Page_Edit Profile Akun Metrodata Academy/select_Pilih JurusanIlmu KomputerTeknik Ele_ad8856'  using regular expression

26-05-2024T21:39:40 - [TEST_STEP][PASSED] - selectOptionByValue(findTestObject("Object Repository/Page_Edit Profile Akun Metrodata Academy/select_Pilih GelarD3S1S2S3"), "S1", true): All options with value 'S1' are selected in object 'Object Repository/Page_Edit Profile Akun Metrodata Academy/select_Pilih GelarD3S1S2S3'  using regular expression

26-05-2024T21:39:41 - [MESSAGE][PASSED] - All options with value 'S1' are selected in object 'Object Repository/Page_Edit Profile Akun Metrodata Academy/select_Pilih GelarD3S1S2S3'  using regular expression

26-05-2024T21:39:41 - [TEST_STEP][PASSED] - click(findTestObject("Object Repository/Page_Edit Profile Akun Metrodata Academy/button_Simpan")): Object: 'Object Repository/Page_Edit Profile Akun Metrodata Academy/button_Simpan' is clicked on

26-05-2024T21:39:42 - [MESSAGE][PASSED] - Object: 'Object Repository/Page_Edit Profile Akun Metrodata Academy/button_Simpan' is clicked on

26-05-2024T21:39:42 - [TEST_STEP][PASSED] - delay(4): Delayed 4 second(s)

26-05-2024T21:39:46 - [MESSAGE][PASSED] - Delayed 4 second(s)

26-05-2024T21:39:46 - [TEST_STEP][PASSED] - closeBrowser(): Browser is closed

26-05-2024T21:39:46 - [MESSAGE][PASSED] - Browser is closed]]></system-out>
         <system-err><![CDATA[]]></system-err>
      </testcase>
      <testcase name="Test Cases/RecordLoginLogout/LoginTestAbnormal" time="15.591" classname="Test Cases/RecordLoginLogout/LoginTestAbnormal" status="PASSED">
         <system-out><![CDATA[26-05-2024T21:39:46 - [TEST_CASE][PASSED] - Test Cases/RecordLoginLogout/LoginTestAbnormal: Test Cases/RecordLoginLogout/LoginTestAbnormal

26-05-2024T21:39:46 - [TEST_STEP][PASSED] - openBrowser(""): Browser is opened with url: ''

26-05-2024T21:39:46 - [MESSAGE][INFO] - Starting 'Chrome' driver

26-05-2024T21:39:46 - [MESSAGE][INFO] - Action delay is set to 0 milliseconds

26-05-2024T21:39:47 - [MESSAGE][PASSED] - Browser is opened with url: ''

26-05-2024T21:39:47 - [TEST_STEP][PASSED] - maximizeWindow(): Current window maximized

26-05-2024T21:39:47 - [MESSAGE][PASSED] - Current window maximized

26-05-2024T21:39:47 - [TEST_STEP][PASSED] - navigateToUrl("https://metrodataacademy.id/"): Navigate to 'https://metrodataacademy.id/' successfully

26-05-2024T21:39:49 - [MESSAGE][PASSED] - Navigate to 'https://metrodataacademy.id/' successfully

26-05-2024T21:39:49 - [TEST_STEP][PASSED] - click(findTestObject("Page_Login Logout Metrodata Academy/a_Masuk")): Object: 'Object Repository/Page_Login Logout Metrodata Academy/a_Masuk' is clicked on

26-05-2024T21:39:56 - [MESSAGE][PASSED] - Object: 'Object Repository/Page_Login Logout Metrodata Academy/a_Masuk' is clicked on

26-05-2024T21:39:56 - [TEST_STEP][PASSED] - navigateToUrl("https://metrodataacademy.id/sign-in"): Navigate to 'https://metrodataacademy.id/sign-in' successfully

26-05-2024T21:39:56 - [MESSAGE][PASSED] - Navigate to 'https://metrodataacademy.id/sign-in' successfully

26-05-2024T21:39:56 - [TEST_STEP][PASSED] - setText(findTestObject("Object Repository/Page_Login Logout Metrodata Academy/input__email"), "christiansimanjuntak12@gmail.com"): Text 'christiansimanjuntak12@gmail.com' is set on object 'Object Repository/Page_Login Logout Metrodata Academy/input__email'

26-05-2024T21:39:57 - [MESSAGE][PASSED] - Text 'christiansimanjuntak12@gmail.com' is set on object 'Object Repository/Page_Login Logout Metrodata Academy/input__email'

26-05-2024T21:39:57 - [TEST_STEP][PASSED] - setEncryptedText(findTestObject("Object Repository/Page_Login Logout Metrodata Academy/input__password"), "26yoZb0Fg8S/8NrKc5x65w=="): Text ****** has been set on object 'Object Repository/Page_Login Logout Metrodata Academy/input__password'

26-05-2024T21:39:57 - [MESSAGE][PASSED] - Text ****** has been set on object 'Object Repository/Page_Login Logout Metrodata Academy/input__password'

26-05-2024T21:39:57 - [TEST_STEP][PASSED] - click(findTestObject("Object Repository/Page_Login Logout Metrodata Academy/button_Masuk")): Object: 'Object Repository/Page_Login Logout Metrodata Academy/button_Masuk' is clicked on

26-05-2024T21:39:58 - [MESSAGE][PASSED] - Object: 'Object Repository/Page_Login Logout Metrodata Academy/button_Masuk' is clicked on

26-05-2024T21:39:58 - [TEST_STEP][PASSED] - delay(3): Delayed 3 second(s)

26-05-2024T21:40:01 - [MESSAGE][PASSED] - Delayed 3 second(s)

26-05-2024T21:40:01 - [TEST_STEP][PASSED] - click(findTestObject("Object Repository/Page_Login Logout Metrodata Academy/button_Try Again")): Object: 'Object Repository/Page_Login Logout Metrodata Academy/button_Try Again' is clicked on

26-05-2024T21:40:01 - [MESSAGE][PASSED] - Object: 'Object Repository/Page_Login Logout Metrodata Academy/button_Try Again' is clicked on

26-05-2024T21:40:01 - [TEST_STEP][PASSED] - closeBrowser(): Browser is closed

26-05-2024T21:40:02 - [MESSAGE][PASSED] - Browser is closed]]></system-out>
         <system-err><![CDATA[]]></system-err>
      </testcase>
      <testcase name="Test Cases/RecordLoginLogout/LogoutTest" time="33.336" classname="Test Cases/RecordLoginLogout/LogoutTest" status="PASSED">
         <system-out><![CDATA[26-05-2024T21:40:02 - [TEST_CASE][PASSED] - Test Cases/RecordLoginLogout/LogoutTest: Test Cases/RecordLoginLogout/LogoutTest

26-05-2024T21:40:02 - [TEST_STEP][PASSED] - openBrowser(""): Browser is opened with url: ''

26-05-2024T21:40:02 - [MESSAGE][INFO] - Starting 'Chrome' driver

26-05-2024T21:40:02 - [MESSAGE][INFO] - Action delay is set to 0 milliseconds

26-05-2024T21:40:02 - [MESSAGE][PASSED] - Browser is opened with url: ''

26-05-2024T21:40:02 - [TEST_STEP][PASSED] - maximizeWindow(): Current window maximized

26-05-2024T21:40:02 - [MESSAGE][PASSED] - Current window maximized

26-05-2024T21:40:02 - [TEST_STEP][PASSED] - navigateToUrl("https://metrodataacademy.id/"): Navigate to 'https://metrodataacademy.id/' successfully

26-05-2024T21:40:04 - [MESSAGE][PASSED] - Navigate to 'https://metrodataacademy.id/' successfully

26-05-2024T21:40:04 - [TEST_STEP][PASSED] - click(findTestObject("Page_Login Logout Metrodata Academy/a_Masuk")): Object: 'Object Repository/Page_Login Logout Metrodata Academy/a_Masuk' is clicked on

26-05-2024T21:40:10 - [MESSAGE][PASSED] - Object: 'Object Repository/Page_Login Logout Metrodata Academy/a_Masuk' is clicked on

26-05-2024T21:40:10 - [TEST_STEP][PASSED] - navigateToUrl("https://metrodataacademy.id/sign-in"): Navigate to 'https://metrodataacademy.id/sign-in' successfully

26-05-2024T21:40:11 - [MESSAGE][PASSED] - Navigate to 'https://metrodataacademy.id/sign-in' successfully

26-05-2024T21:40:11 - [TEST_STEP][PASSED] - setText(findTestObject("Object Repository/Page_Login Logout Metrodata Academy/input__email"), "christiansimanjuntak12@gmail.com"): Text 'christiansimanjuntak12@gmail.com' is set on object 'Object Repository/Page_Login Logout Metrodata Academy/input__email'

26-05-2024T21:40:12 - [MESSAGE][PASSED] - Text 'christiansimanjuntak12@gmail.com' is set on object 'Object Repository/Page_Login Logout Metrodata Academy/input__email'

26-05-2024T21:40:12 - [TEST_STEP][PASSED] - setEncryptedText(findTestObject("Object Repository/Page_Login Logout Metrodata Academy/input__password"), "AJxgTO7PuudFJYJNyubGtA=="): Text ****** has been set on object 'Object Repository/Page_Login Logout Metrodata Academy/input__password'

26-05-2024T21:40:14 - [MESSAGE][PASSED] - Text ****** has been set on object 'Object Repository/Page_Login Logout Metrodata Academy/input__password'

26-05-2024T21:40:14 - [TEST_STEP][PASSED] - click(findTestObject("Object Repository/Page_Login Logout Metrodata Academy/button_Masuk")): Object: 'Object Repository/Page_Login Logout Metrodata Academy/button_Masuk' is clicked on

26-05-2024T21:40:14 - [MESSAGE][PASSED] - Object: 'Object Repository/Page_Login Logout Metrodata Academy/button_Masuk' is clicked on

26-05-2024T21:40:14 - [TEST_STEP][PASSED] - click(findTestObject("Object Repository/Page_Login Logout Metrodata Academy/button_Hendrik Christian")): Object: 'Object Repository/Page_Login Logout Metrodata Academy/button_Hendrik Christian' is clicked on

26-05-2024T21:40:22 - [MESSAGE][PASSED] - Object: 'Object Repository/Page_Login Logout Metrodata Academy/button_Hendrik Christian' is clicked on

26-05-2024T21:40:22 - [TEST_STEP][PASSED] - click(findTestObject("Object Repository/Page_Login Logout Metrodata Academy/button_Keluar")): Object: 'Object Repository/Page_Login Logout Metrodata Academy/button_Keluar' is clicked on

26-05-2024T21:40:31 - [MESSAGE][INFO] - Unable to find the element located by 'By.xpath: //div[@id='headlessui-popover-panel-:ra:']/div/button'. Please recheck the objects properties to make sure the desired element is located. 

26-05-2024T21:40:31 - [MESSAGE][WARNING] - [SELF-HEALING] Failed to find element with id 'Object Repository/Page_Login Logout Metrodata Academy/button_Keluar'. Try using Self-healing.

26-05-2024T21:40:31 - [MESSAGE][INFO] - [SELF-HEALING] Failed Locator: '//div[@id='headlessui-popover-panel-:ra:']/div/button'.

26-05-2024T21:40:31 - [MESSAGE][INFO] - [SELF-HEALING] Working Locator: '(.//*[normalize-space(text()) and normalize-space(.)='Akun Saya'])[1]/following::button[1]'.

26-05-2024T21:40:32 - [MESSAGE][INFO] - [SELF-HEALING] Screenshot: C:/Users/RICKY-HARBU/git/katalon2/Reports/Self-healing/Object Repository/Page_Login Logout Metrodata Academy/button_Keluar_neighbor.png

26-05-2024T21:40:32 - [MESSAGE][WARNING] - [SELF-HEALING] The current locator of test object 'Object Repository/Page_Login Logout Metrodata Academy/button_Keluar' was broken. Propose an alternative one: '(.//*[normalize-space(text()) and normalize-space(.)='Akun Saya'])[1]/following::button[1]'.

26-05-2024T21:40:32 - [MESSAGE][PASSED] - Object: 'Object Repository/Page_Login Logout Metrodata Academy/button_Keluar' is clicked on

26-05-2024T21:40:32 - [TEST_STEP][PASSED] - delay(3): Delayed 3 second(s)

26-05-2024T21:40:35 - [MESSAGE][PASSED] - Delayed 3 second(s)

26-05-2024T21:40:35 - [TEST_STEP][PASSED] - closeBrowser(): Browser is closed

26-05-2024T21:40:35 - [MESSAGE][PASSED] - Browser is closed]]></system-out>
         <system-err><![CDATA[]]></system-err>
      </testcase>
      <testcase name="Test Cases/Web_MA/Menu_Program_manual" time="118.894" classname="Test Cases/Web_MA/Menu_Program_manual" status="PASSED">
         <system-out><![CDATA[26-05-2024T21:40:35 - [TEST_CASE][PASSED] - Test Cases/Web_MA/Menu_Program_manual: Test Cases/Web_MA/Menu_Program_manual

26-05-2024T21:40:35 - [TEST_STEP][PASSED] - openBrowser(""): Browser is opened with url: ''

26-05-2024T21:40:35 - [MESSAGE][INFO] - Starting 'Chrome' driver

26-05-2024T21:40:35 - [MESSAGE][INFO] - Action delay is set to 0 milliseconds

26-05-2024T21:40:36 - [MESSAGE][PASSED] - Browser is opened with url: ''

26-05-2024T21:40:36 - [TEST_STEP][PASSED] - maximizeWindow(): Current window maximized

26-05-2024T21:40:36 - [MESSAGE][PASSED] - Current window maximized

26-05-2024T21:40:36 - [TEST_STEP][PASSED] - navigateToMaskedUrl(******************************): Navigate to '****************************' successfully

26-05-2024T21:40:38 - [MESSAGE][PASSED] - Navigate to '****************************' successfully

26-05-2024T21:40:38 - [TEST_STEP][PASSED] - click(findTestObject("MA_Manual/klik Login")): Object: 'Object Repository/MA_Manual/klik Login' is clicked on

26-05-2024T21:40:44 - [MESSAGE][PASSED] - Object: 'Object Repository/MA_Manual/klik Login' is clicked on

26-05-2024T21:40:44 - [TEST_STEP][PASSED] - click(findTestObject("MA_Manual/Input_Username")): Object: 'Object Repository/MA_Manual/Input_Username' is clicked on

26-05-2024T21:40:44 - [MESSAGE][PASSED] - Object: 'Object Repository/MA_Manual/Input_Username' is clicked on

26-05-2024T21:40:44 - [TEST_STEP][PASSED] - setText(findTestObject("MA_Manual/Input_Username"), "Papahgilak@gmail.com"): Text 'Papahgilak@gmail.com' is set on object 'Object Repository/MA_Manual/Input_Username'

26-05-2024T21:40:45 - [MESSAGE][PASSED] - Text 'Papahgilak@gmail.com' is set on object 'Object Repository/MA_Manual/Input_Username'

26-05-2024T21:40:45 - [TEST_STEP][PASSED] - click(findTestObject("MA_Manual/Input_Password")): Object: 'Object Repository/MA_Manual/Input_Password' is clicked on

26-05-2024T21:40:46 - [MESSAGE][PASSED] - Object: 'Object Repository/MA_Manual/Input_Password' is clicked on

26-05-2024T21:40:46 - [TEST_STEP][PASSED] - setEncryptedText(findTestObject("MA_Manual/Input_Password"), "ANgLrNN9LeX238E+iUxpGw=="): Text ****** has been set on object 'Object Repository/MA_Manual/Input_Password'

26-05-2024T21:40:46 - [MESSAGE][PASSED] - Text ****** has been set on object 'Object Repository/MA_Manual/Input_Password'

26-05-2024T21:40:46 - [TEST_STEP][PASSED] - click(findTestObject("MA_Manual/Klik_Masuk")): Object: 'Object Repository/MA_Manual/Klik_Masuk' is clicked on

26-05-2024T21:40:47 - [MESSAGE][PASSED] - Object: 'Object Repository/MA_Manual/Klik_Masuk' is clicked on

26-05-2024T21:40:47 - [TEST_STEP][PASSED] - click(findTestObject("MA_Manual/Klik_Program")): Object: 'Object Repository/MA_Manual/Klik_Program' is clicked on

26-05-2024T21:40:55 - [MESSAGE][PASSED] - Object: 'Object Repository/MA_Manual/Klik_Program' is clicked on

26-05-2024T21:40:55 - [TEST_STEP][PASSED] - click(findTestObject("MA_Manual/Klik_Detail_MetrodataTraining"), STOP_ON_FAILURE): Object: 'Object Repository/MA_Manual/Klik_Detail_MetrodataTraining' is clicked on

26-05-2024T21:41:00 - [MESSAGE][PASSED] - Object: 'Object Repository/MA_Manual/Klik_Detail_MetrodataTraining' is clicked on

26-05-2024T21:41:00 - [TEST_STEP][PASSED] - verifyElementText(findTestObject("MA_Manual/Verify_MetrodataTraining"), "Metrodata Training"): Actual text and expected text of test object 'Object Repository/MA_Manual/Verify_MetrodataTraining' are matched.

26-05-2024T21:41:30 - [MESSAGE][PASSED] - Actual text and expected text of test object 'Object Repository/MA_Manual/Verify_MetrodataTraining' are matched.

26-05-2024T21:41:30 - [TEST_STEP][PASSED] - click(findTestObject("MA_Manual/Klik_HomeMA")): Object: 'Object Repository/MA_Manual/Klik_HomeMA' is clicked on

26-05-2024T21:41:35 - [MESSAGE][PASSED] - Object: 'Object Repository/MA_Manual/Klik_HomeMA' is clicked on

26-05-2024T21:41:35 - [TEST_STEP][PASSED] - click(findTestObject("MA_Manual/Klik_Program")): Object: 'Object Repository/MA_Manual/Klik_Program' is clicked on

26-05-2024T21:41:40 - [MESSAGE][PASSED] - Object: 'Object Repository/MA_Manual/Klik_Program' is clicked on

26-05-2024T21:41:40 - [TEST_STEP][PASSED] - click(findTestObject("MA_Manual/Klik_Detail_ITCamp"), STOP_ON_FAILURE): Object: 'Object Repository/MA_Manual/Klik_Detail_ITCamp' is clicked on

26-05-2024T21:42:08 - [MESSAGE][PASSED] - Object: 'Object Repository/MA_Manual/Klik_Detail_ITCamp' is clicked on

26-05-2024T21:42:08 - [TEST_STEP][PASSED] - verifyElementText(findTestObject("MA_Manual/Verify_ITCamp"), "Metrodata IT-Camp"): Actual text and expected text of test object 'Object Repository/MA_Manual/Verify_ITCamp' are matched.

26-05-2024T21:42:09 - [MESSAGE][PASSED] - Actual text and expected text of test object 'Object Repository/MA_Manual/Verify_ITCamp' are matched.

26-05-2024T21:42:09 - [TEST_STEP][PASSED] - click(findTestObject("MA_Manual/Klik_HomeMA")): Object: 'Object Repository/MA_Manual/Klik_HomeMA' is clicked on

26-05-2024T21:42:10 - [MESSAGE][PASSED] - Object: 'Object Repository/MA_Manual/Klik_HomeMA' is clicked on

26-05-2024T21:42:10 - [TEST_STEP][PASSED] - click(findTestObject("MA_Manual/Klik_Program")): Object: 'Object Repository/MA_Manual/Klik_Program' is clicked on

26-05-2024T21:42:15 - [MESSAGE][PASSED] - Object: 'Object Repository/MA_Manual/Klik_Program' is clicked on

26-05-2024T21:42:15 - [TEST_STEP][PASSED] - click(findTestObject("MA_Manual/Klik_Detail_Internship"), STOP_ON_FAILURE): Object: 'Object Repository/MA_Manual/Klik_Detail_Internship' is clicked on

26-05-2024T21:42:19 - [MESSAGE][PASSED] - Object: 'Object Repository/MA_Manual/Klik_Detail_Internship' is clicked on

26-05-2024T21:42:19 - [TEST_STEP][PASSED] - verifyElementText(findTestObject("MA_Manual/Verify_Internship"), "Metrodata Internship"): Actual text and expected text of test object 'Object Repository/MA_Manual/Verify_Internship' are matched.

26-05-2024T21:42:19 - [MESSAGE][PASSED] - Actual text and expected text of test object 'Object Repository/MA_Manual/Verify_Internship' are matched.

26-05-2024T21:42:19 - [TEST_STEP][PASSED] - click(findTestObject("MA_Manual/Klik_HomeMA")): Object: 'Object Repository/MA_Manual/Klik_HomeMA' is clicked on

26-05-2024T21:42:20 - [MESSAGE][PASSED] - Object: 'Object Repository/MA_Manual/Klik_HomeMA' is clicked on

26-05-2024T21:42:20 - [TEST_STEP][PASSED] - click(findTestObject("MA_Manual/Klik_Program")): Object: 'Object Repository/MA_Manual/Klik_Program' is clicked on

26-05-2024T21:42:26 - [MESSAGE][PASSED] - Object: 'Object Repository/MA_Manual/Klik_Program' is clicked on

26-05-2024T21:42:26 - [TEST_STEP][PASSED] - click(findTestObject("MA_Manual/Klik_Detail_Mengajar"), STOP_ON_FAILURE): Object: 'Object Repository/MA_Manual/Klik_Detail_Mengajar' is clicked on

26-05-2024T21:42:33 - [MESSAGE][PASSED] - Object: 'Object Repository/MA_Manual/Klik_Detail_Mengajar' is clicked on

26-05-2024T21:42:33 - [TEST_STEP][PASSED] - verifyElementText(findTestObject("MA_Manual/Verify_Mengajar"), "Metrodata Mengajar"): Actual text and expected text of test object 'Object Repository/MA_Manual/Verify_Mengajar' are matched.

26-05-2024T21:42:33 - [MESSAGE][PASSED] - Actual text and expected text of test object 'Object Repository/MA_Manual/Verify_Mengajar' are matched.

26-05-2024T21:42:33 - [TEST_STEP][PASSED] - closeBrowser(): Browser is closed

26-05-2024T21:42:34 - [MESSAGE][PASSED] - Browser is closed]]></system-out>
         <system-err><![CDATA[]]></system-err>
      </testcase>
      <system-out><![CDATA[26-05-2024T21:38:11 - [TEST_SUITE][PASSED] - Kelompok 2: Test Cases/Web_MA/Menu_Program_manual]]></system-out>
      <system-err><![CDATA[]]></system-err>
   </testsuite>
</testsuites>
