<?xml version="1.0" encoding="UTF-8"?>
<testsuites name="Web_MA" time="68.969" tests="2" failures="0" errors="0">
   <testsuite name="Web_MA" tests="2" failures="0" errors="0" time="68.969" skipped="0" timestamp="26-05-2024T15:25:50" hostname="dicky - LAPTOP-P5CDFPR4" id="Test Suites/Web_MA">
      <properties>
         <property name="deviceName" value=""/>
         <property name="devicePlatform" value=""/>
         <property name="logFolder" value="C:\\Users\\dicky\\Katalon Studio\\Project_Web_MA\\Reports\\20240526_152533\\Web_MA\\20240526_152533"/>
         <property name="logFiles" value="C:\\Users\\dicky\\Katalon Studio\\Project_Web_MA\\Reports\\20240526_152533\\Web_MA\\20240526_152533\\execution0.log"/>
         <property name="attachments" value=""/>
         <property name="hostName" value="dicky - LAPTOP-P5CDFPR4"/>
         <property name="os" value="Windows 10 64bit"/>
         <property name="katalonVersion" value="9.4.0.212"/>
         <property name="browser" value="Chrome 124.0.0.0"/>
         <property name="hostAddress" value="192.168.1.76"/>
         <property name="sessionId" value="078612b759398e828b3d8f86a74dbcf7"/>
         <property name="seleniumVersion" value="3.141.59"/>
         <property name="proxyInformation" value="ProxyInformation { proxyOption=NO_PROXY, proxyServerType=HTTP, username=, password=********, proxyServerAddress=, proxyServerPort=0, executionList=&quot;&quot;, isApplyToDesiredCapabilities=true }"/>
         <property name="platform" value="Windows 10"/>
      </properties>
      <testcase name="Test Cases/Web_MA/Login_Successfully" time="12.981" classname="Test Cases/Web_MA/Login_Successfully" status="PASSED">
         <system-out><![CDATA[26-05-2024T15:25:50 - [TEST_CASE][PASSED] - Test Cases/Web_MA/Login_Successfully: Test Cases/Web_MA/Login_Successfully

26-05-2024T15:25:51 - [TEST_STEP][PASSED] - openBrowser(""): Browser is opened with url: ''

26-05-2024T15:25:51 - [MESSAGE][INFO] - Starting 'Chrome' driver

26-05-2024T15:25:51 - [MESSAGE][INFO] - Action delay is set to 0 milliseconds

26-05-2024T15:25:54 - [MESSAGE][PASSED] - Browser is opened with url: ''

26-05-2024T15:25:54 - [TEST_STEP][PASSED] - maximizeWindow(): Current window maximized

26-05-2024T15:25:54 - [MESSAGE][PASSED] - Current window maximized

26-05-2024T15:25:54 - [TEST_STEP][PASSED] - navigateToUrl("https://metrodataacademy.id/"): Navigate to 'https://metrodataacademy.id/' successfully

26-05-2024T15:25:57 - [MESSAGE][PASSED] - Navigate to 'https://metrodataacademy.id/' successfully

26-05-2024T15:25:57 - [TEST_STEP][PASSED] - click(findTestObject("Object Repository/Page_Metrodata Academy/a_Masuk")): Object: 'Object Repository/Page_Metrodata Academy/a_Masuk' is clicked on

26-05-2024T15:26:00 - [MESSAGE][PASSED] - Object: 'Object Repository/Page_Metrodata Academy/a_Masuk' is clicked on

26-05-2024T15:26:00 - [TEST_STEP][PASSED] - setText(findTestObject("Object Repository/Page_Metrodata Academy/input__email"), "Papahgilak@gmail.com"): Text 'Papahgilak@gmail.com' is set on object 'Object Repository/Page_Metrodata Academy/input__email'

26-05-2024T15:26:01 - [MESSAGE][PASSED] - Text 'Papahgilak@gmail.com' is set on object 'Object Repository/Page_Metrodata Academy/input__email'

26-05-2024T15:26:01 - [TEST_STEP][PASSED] - setEncryptedText(findTestObject("Object Repository/Page_Metrodata Academy/input__password"), "ANgLrNN9LeX238E+iUxpGw=="): Text ****** has been set on object 'Object Repository/Page_Metrodata Academy/input__password'

26-05-2024T15:26:02 - [MESSAGE][PASSED] - Text ****** has been set on object 'Object Repository/Page_Metrodata Academy/input__password'

26-05-2024T15:26:02 - [TEST_STEP][PASSED] - click(findTestObject("Object Repository/Page_Metrodata Academy/button_Masuk")): Object: 'Object Repository/Page_Metrodata Academy/button_Masuk' is clicked on

26-05-2024T15:26:02 - [MESSAGE][PASSED] - Object: 'Object Repository/Page_Metrodata Academy/button_Masuk' is clicked on

26-05-2024T15:26:02 - [TEST_STEP][PASSED] - click(findTestObject("Object Repository/Page_Metrodata Academy/p_Login user successfully")): Object: 'Object Repository/Page_Metrodata Academy/p_Login user successfully' is clicked on

26-05-2024T15:26:03 - [MESSAGE][PASSED] - Object: 'Object Repository/Page_Metrodata Academy/p_Login user successfully' is clicked on

26-05-2024T15:26:03 - [TEST_STEP][PASSED] - closeBrowser(): Browser is closed

26-05-2024T15:26:03 - [MESSAGE][PASSED] - Browser is closed]]></system-out>
         <system-err><![CDATA[]]></system-err>
      </testcase>
      <testcase name="Test Cases/Web_MA/Menu_Program" time="55.667" classname="Test Cases/Web_MA/Menu_Program" status="PASSED">
         <system-out><![CDATA[26-05-2024T15:26:03 - [TEST_CASE][PASSED] - Test Cases/Web_MA/Menu_Program: Test Cases/Web_MA/Menu_Program

26-05-2024T15:26:04 - [TEST_STEP][PASSED] - openBrowser(""): Browser is opened with url: ''

26-05-2024T15:26:04 - [MESSAGE][INFO] - Starting 'Chrome' driver

26-05-2024T15:26:04 - [MESSAGE][INFO] - Action delay is set to 0 milliseconds

26-05-2024T15:26:04 - [MESSAGE][PASSED] - Browser is opened with url: ''

26-05-2024T15:26:04 - [TEST_STEP][PASSED] - maximizeWindow(): Current window maximized

26-05-2024T15:26:05 - [MESSAGE][PASSED] - Current window maximized

26-05-2024T15:26:05 - [TEST_STEP][PASSED] - navigateToUrl("https://metrodataacademy.id/"): Navigate to 'https://metrodataacademy.id/' successfully

26-05-2024T15:26:10 - [MESSAGE][PASSED] - Navigate to 'https://metrodataacademy.id/' successfully

26-05-2024T15:26:10 - [TEST_STEP][PASSED] - click(findTestObject("Object Repository/Page_Metrodata Academy/a_Masuk")): Object: 'Object Repository/Page_Metrodata Academy/a_Masuk' is clicked on

26-05-2024T15:26:11 - [MESSAGE][PASSED] - Object: 'Object Repository/Page_Metrodata Academy/a_Masuk' is clicked on

26-05-2024T15:26:11 - [TEST_STEP][PASSED] - setText(findTestObject("Object Repository/Page_Metrodata Academy/input__email"), "Papahgilak@gmail.com"): Text 'Papahgilak@gmail.com' is set on object 'Object Repository/Page_Metrodata Academy/input__email'

26-05-2024T15:26:12 - [MESSAGE][PASSED] - Text 'Papahgilak@gmail.com' is set on object 'Object Repository/Page_Metrodata Academy/input__email'

26-05-2024T15:26:12 - [TEST_STEP][PASSED] - setEncryptedText(findTestObject("Object Repository/Page_Metrodata Academy/input__password"), "ANgLrNN9LeX238E+iUxpGw=="): Text ****** has been set on object 'Object Repository/Page_Metrodata Academy/input__password'

26-05-2024T15:26:12 - [MESSAGE][PASSED] - Text ****** has been set on object 'Object Repository/Page_Metrodata Academy/input__password'

26-05-2024T15:26:12 - [TEST_STEP][PASSED] - click(findTestObject("Object Repository/Page_Metrodata Academy/button_Masuk")): Object: 'Object Repository/Page_Metrodata Academy/button_Masuk' is clicked on

26-05-2024T15:26:13 - [MESSAGE][PASSED] - Object: 'Object Repository/Page_Metrodata Academy/button_Masuk' is clicked on

26-05-2024T15:26:13 - [TEST_STEP][PASSED] - click(findTestObject("Object Repository/Page_Metrodata Academy/p_Login user successfully")): Object: 'Object Repository/Page_Metrodata Academy/p_Login user successfully' is clicked on

26-05-2024T15:26:13 - [MESSAGE][PASSED] - Object: 'Object Repository/Page_Metrodata Academy/p_Login user successfully' is clicked on

26-05-2024T15:26:13 - [TEST_STEP][PASSED] - click(findTestObject("Object Repository/Page_Metrodata Academy/svg_Program_h-5 w-5 flex-none")): Object: 'Object Repository/Page_Metrodata Academy/svg_Program_h-5 w-5 flex-none' is clicked on

26-05-2024T15:26:20 - [MESSAGE][PASSED] - Object: 'Object Repository/Page_Metrodata Academy/svg_Program_h-5 w-5 flex-none' is clicked on

26-05-2024T15:26:20 - [TEST_STEP][PASSED] - click(findTestObject("Object Repository/Page_Metrodata Academy/span_Metrodata Training_absolute inset-0")): Object: 'Object Repository/Page_Metrodata Academy/span_Metrodata Training_absolute inset-0' is clicked on

26-05-2024T15:26:25 - [MESSAGE][PASSED] - Object: 'Object Repository/Page_Metrodata Academy/span_Metrodata Training_absolute inset-0' is clicked on

26-05-2024T15:26:25 - [TEST_STEP][PASSED] - click(findTestObject("Object Repository/Page_Metrodata Academy/a_Pelajari Metrodata Training")): Object: 'Object Repository/Page_Metrodata Academy/a_Pelajari Metrodata Training' is clicked on

26-05-2024T15:26:55 - [MESSAGE][PASSED] - Object: 'Object Repository/Page_Metrodata Academy/a_Pelajari Metrodata Training' is clicked on

26-05-2024T15:26:55 - [TEST_STEP][PASSED] - click(findTestObject("Object Repository/Page_Metrodata Academy/h3_Pembelajaran Fleksibel")): Object: 'Object Repository/Page_Metrodata Academy/h3_Pembelajaran Fleksibel' is clicked on

26-05-2024T15:26:58 - [MESSAGE][PASSED] - Object: 'Object Repository/Page_Metrodata Academy/h3_Pembelajaran Fleksibel' is clicked on

26-05-2024T15:26:58 - [TEST_STEP][PASSED] - closeBrowser(): Browser is closed

26-05-2024T15:26:59 - [MESSAGE][PASSED] - Browser is closed]]></system-out>
         <system-err><![CDATA[]]></system-err>
      </testcase>
      <system-out><![CDATA[26-05-2024T15:25:50 - [TEST_SUITE][PASSED] - Web_MA: Test Cases/Web_MA/Menu_Program]]></system-out>
      <system-err><![CDATA[]]></system-err>
   </testsuite>
</testsuites>
